Build started 2014-03-25 22:37:06.
     1>Project "C:\ProgramData\NVIDIA Corporation\CUDA Samples\v5.5\2_Graphics\volumeRender\volumeRender_vs2010.vcxproj" on node 2 (build target(s)).
     1>InitializeBuildStatus:
         Creating "Win32/Release/volumeRender.unsuccessfulbuild" because "AlwaysCreate" was specified.
       AddCudaCompileDeps:
         C:\Program Files (x86)\Microsoft Visual Studio 10.0\VC\bin\cl.exe /E /nologo /showIncludes /TP /D__CUDACC__ /DWIN32 /D_MBCS /I./ /I../../common/inc /I./ /I../../common/inc /I"C:\Program Files\NVIDIA GPU Computing Toolkit\CUDA\v5.5\include" /I"C:\Program Files\NVIDIA GPU Computing Toolkit\CUDA\v5.5\bin" /I"C:\Program Files\NVIDIA GPU Computing Toolkit\CUDA\v5.5\include" /I. /FIcuda_runtime.h /c "C:\ProgramData\NVIDIA Corporation\CUDA Samples\v5.5\2_Graphics\volumeRender\volumeRender_kernel.cu" 
       CudaBuild:
         Compiling CUDA source file volumeRender_kernel.cu...
         cmd.exe /C "C:\Users\Grze\AppData\Local\Temp\tmpc679915a69a7471ab66bbf50f4123c8a.cmd"
         "C:\Program Files\NVIDIA GPU Computing Toolkit\CUDA\v5.5\bin\nvcc.exe" -gencode=arch=compute_10,code=\"sm_10,compute_10\" -gencode=arch=compute_20,code=\"sm_20,compute_20\" -gencode=arch=compute_30,code=\"sm_30,compute_30\" -gencode=arch=compute_35,code=\"sm_35,compute_35\" --use-local-env --cl-version 2010 -ccbin "C:\Program Files (x86)\Microsoft Visual Studio 10.0\VC\bin"  -I./ -I../../common/inc -I./ -I../../common/inc -I"C:\Program Files\NVIDIA GPU Computing Toolkit\CUDA\v5.5\include" -I"C:\Program Files\NVIDIA GPU Computing Toolkit\CUDA\v5.5\include"     --keep-dir Release -maxrregcount=0  --machine 32 --compile -cudart static -Xcompiler "/wd 4819"     -DWIN32 -D_MBCS -Xcompiler "/EHsc /W3 /nologo /O2 /Zi  /MT  " -o Win32/Release/volumeRender_kernel.cu.obj "C:\ProgramData\NVIDIA Corporation\CUDA Samples\v5.5\2_Graphics\volumeRender\volumeRender_kernel.cu"
         
         C:\ProgramData\NVIDIA Corporation\CUDA Samples\v5.5\2_Graphics\volumeRender>"C:\Program Files\NVIDIA GPU Computing Toolkit\CUDA\v5.5\bin\nvcc.exe" -gencode=arch=compute_10,code=\"sm_10,compute_10\" -gencode=arch=compute_20,code=\"sm_20,compute_20\" -gencode=arch=compute_30,code=\"sm_30,compute_30\" -gencode=arch=compute_35,code=\"sm_35,compute_35\" --use-local-env --cl-version 2010 -ccbin "C:\Program Files (x86)\Microsoft Visual Studio 10.0\VC\bin"  -I./ -I../../common/inc -I./ -I../../common/inc -I"C:\Program Files\NVIDIA GPU Computing Toolkit\CUDA\v5.5\include" -I"C:\Program Files\NVIDIA GPU Computing Toolkit\CUDA\v5.5\include"     --keep-dir Release -maxrregcount=0  --machine 32 --compile -cudart static -Xcompiler "/wd 4819"     -DWIN32 -D_MBCS -Xcompiler "/EHsc /W3 /nologo /O2 /Zi  /MT  " -o Win32/Release/volumeRender_kernel.cu.obj "C:\ProgramData\NVIDIA Corporation\CUDA Samples\v5.5\2_Graphics\volumeRender\volumeRender_kernel.cu" 
       ClCompile:
         C:\Program Files (x86)\Microsoft Visual Studio 10.0\VC\bin\CL.exe /c /I./ /I../../common/inc /I"C:\Program Files\NVIDIA GPU Computing Toolkit\CUDA\v5.5\include" /Zi /nologo /W3 /WX- /O2 /Oi /Oy- /GL /D WIN32 /D _MBCS /Gm- /EHsc /MT /GS /Gy /fp:precise /Zc:wchar_t /Zc:forScope /Fo"Win32/Release/" /Fd"Win32/Release/vc100.pdb" /Gd /TP /analyze- /errorReport:prompt volumeRender.cpp
         volumeRender.cpp
       Link:
         C:\Program Files (x86)\Microsoft Visual Studio 10.0\VC\bin\link.exe /ERRORREPORT:PROMPT /OUT:"../../bin/win32/Release//volumeRender.exe" /NOLOGO /LIBPATH:"C:\Program Files\NVIDIA GPU Computing Toolkit\CUDA\v5.5\lib\Win32" /LIBPATH:../../common/lib/Win32 cudart_static.lib freeglut.lib glew32.lib kernel32.lib user32.lib gdi32.lib winspool.lib comdlg32.lib advapi32.lib shell32.lib ole32.lib oleaut32.lib uuid.lib odbc32.lib odbccp32.lib kernel32.lib user32.lib gdi32.lib winspool.lib comdlg32.lib advapi32.lib shell32.lib ole32.lib oleaut32.lib uuid.lib odbc32.lib odbccp32.lib /MANIFEST /ManifestFile:"Win32/Release/volumeRender.exe.intermediate.manifest" /MANIFESTUAC:"level='asInvoker' uiAccess='false'" /PDB:"C:\ProgramData\NVIDIA Corporation\CUDA Samples\v5.5\bin\win32\Release\volumeRender.pdb" /SUBSYSTEM:CONSOLE /OPT:REF /OPT:ICF /LTCG /TLBID:1 /DYNAMICBASE /NXCOMPAT /IMPLIB:"../../bin/win32/Release/volumeRender.lib" /MACHINE:X86 Win32/Release/volumeRender_kernel.cu.obj
         Win32/Release/volumeRender.obj
            Creating library ../../bin/win32/Release/volumeRender.lib and object ../../bin/win32/Release/volumeRender.exp
         Generating code
         Finished generating code
         volumeRender_vs2010.vcxproj -> C:\ProgramData\NVIDIA Corporation\CUDA Samples\v5.5\2_Graphics\volumeRender\../../bin/win32/Release/volumeRender.exe
       Manifest:
         C:\Program Files (x86)\Microsoft SDKs\Windows\v7.0A\bin\mt.exe /nologo /verbose /outputresource:"../../bin/win32/Release//volumeRender.exe;#1" /manifest Win32/Release/volumeRender.exe.intermediate.manifest
       FinalizeBuildStatus:
         Deleting file "Win32/Release/volumeRender.unsuccessfulbuild".
         Touching "Win32/Release/volumeRender.lastbuildstate".
     1>Done Building Project "C:\ProgramData\NVIDIA Corporation\CUDA Samples\v5.5\2_Graphics\volumeRender\volumeRender_vs2010.vcxproj" (build target(s)).

Build succeeded.

Time Elapsed 00:00:25.28
