Build started 2014-03-25 22:36:59.
     1>Project "C:\ProgramData\NVIDIA Corporation\CUDA Samples\v5.5\2_Graphics\volumeRender\volumeRender_vs2010.vcxproj" on node 2 (build target(s)).
     1>InitializeBuildStatus:
         Creating "Win32/Debug/volumeRender.unsuccessfulbuild" because "AlwaysCreate" was specified.
       AddCudaCompileDeps:
       Skipping target "AddCudaCompileDeps" because all output files are up-to-date with respect to the input files.
       AddCudaCompilePropsDeps:
       Skipping target "AddCudaCompilePropsDeps" because all output files are up-to-date with respect to the input files.
       CudaBuild:
       Skipping target "CudaBuild" because all output files are up-to-date with respect to the input files.
       ClCompile:
         All outputs are up-to-date.
       Link:
         C:\Program Files (x86)\Microsoft Visual Studio 10.0\VC\bin\link.exe /ERRORREPORT:PROMPT /OUT:"../../bin/win32/Debug//volumeRender.exe" /NOLOGO /LIBPATH:"C:\Program Files\NVIDIA GPU Computing Toolkit\CUDA\v5.5\lib\Win32" /LIBPATH:../../common/lib/Win32 cudart_static.lib freeglut.lib glew32.lib kernel32.lib user32.lib gdi32.lib winspool.lib comdlg32.lib advapi32.lib shell32.lib ole32.lib oleaut32.lib uuid.lib odbc32.lib odbccp32.lib kernel32.lib user32.lib gdi32.lib winspool.lib comdlg32.lib advapi32.lib shell32.lib ole32.lib oleaut32.lib uuid.lib odbc32.lib odbccp32.lib /MANIFEST /ManifestFile:"Win32/Debug/volumeRender.exe.intermediate.manifest" /MANIFESTUAC:"level='asInvoker' uiAccess='false'" /DEBUG /PDB:"C:\ProgramData\NVIDIA Corporation\CUDA Samples\v5.5\bin\win32\Debug\volumeRender.pdb" /SUBSYSTEM:CONSOLE /TLBID:1 /DYNAMICBASE /NXCOMPAT /IMPLIB:"../../bin/win32/Debug/volumeRender.lib" /MACHINE:X86 Win32/Debug/volumeRender_kernel.cu.obj
         Win32/Debug/volumeRender.obj
         LINK : ../../bin/win32/Debug//volumeRender.exe not found or not built by the last incremental link; performing full link
            Creating library ../../bin/win32/Debug/volumeRender.lib and object ../../bin/win32/Debug/volumeRender.exp
         volumeRender_vs2010.vcxproj -> C:\ProgramData\NVIDIA Corporation\CUDA Samples\v5.5\2_Graphics\volumeRender\../../bin/win32/Debug/volumeRender.exe
       Manifest:
         C:\Program Files (x86)\Microsoft SDKs\Windows\v7.0A\bin\mt.exe /nologo /verbose /outputresource:"../../bin/win32/Debug//volumeRender.exe;#1" /manifest Win32/Debug/volumeRender.exe.intermediate.manifest
       FinalizeBuildStatus:
         Deleting file "Win32/Debug/volumeRender.unsuccessfulbuild".
         Touching "Win32/Debug/volumeRender.lastbuildstate".
     1>Done Building Project "C:\ProgramData\NVIDIA Corporation\CUDA Samples\v5.5\2_Graphics\volumeRender\volumeRender_vs2010.vcxproj" (build target(s)).

Build succeeded.

Time Elapsed 00:00:00.88
