Build started 2014-04-03 19:34:54.
     1>Project "C:\ProgramData\NVIDIA Corporation\CUDA Samples\v5.5\2_Graphics\volumeRender\volumeRender_vs2012.vcxproj" on node 2 (Build target(s)).
     1>CudaBuild:
         Compiling CUDA source file volumeRender_kernel.cu...
         cmd.exe /C "C:\Users\Grze\AppData\Local\Temp\tmp5bdcc83bbbd04621a866c23cba53f661.cmd"
         "C:\Program Files\NVIDIA GPU Computing Toolkit\CUDA\v5.5\bin\nvcc.exe" -gencode=arch=compute_10,code=\"sm_10,compute_10\" -gencode=arch=compute_20,code=\"sm_20,compute_20\" -gencode=arch=compute_30,code=\"sm_30,compute_30\" -gencode=arch=compute_35,code=\"sm_35,compute_35\" --use-local-env --cl-version 2010 -ccbin "C:\Program Files (x86)\Microsoft Visual Studio 10.0\VC\bin"  -I./ -I../../common/inc -I./ -I../../common/inc -I"C:\Program Files\NVIDIA GPU Computing Toolkit\CUDA\v5.5\include" -I"C:\Program Files\NVIDIA GPU Computing Toolkit\CUDA\v5.5\include"  -G   --keep-dir Debug -maxrregcount=0  --machine 32 --compile -cudart static -Xcompiler "/wd 4819"  -g   -DWIN32 -D_MBCS -Xcompiler "/EHsc /W3 /nologo /Od /Zi /RTC1 /MTd  " -o Win32/Debug/volumeRender_kernel.cu.obj "C:\ProgramData\NVIDIA Corporation\CUDA Samples\v5.5\2_Graphics\volumeRender\volumeRender_kernel.cu"
         
         C:\ProgramData\NVIDIA Corporation\CUDA Samples\v5.5\2_Graphics\volumeRender>"C:\Program Files\NVIDIA GPU Computing Toolkit\CUDA\v5.5\bin\nvcc.exe" -gencode=arch=compute_10,code=\"sm_10,compute_10\" -gencode=arch=compute_20,code=\"sm_20,compute_20\" -gencode=arch=compute_30,code=\"sm_30,compute_30\" -gencode=arch=compute_35,code=\"sm_35,compute_35\" --use-local-env --cl-version 2010 -ccbin "C:\Program Files (x86)\Microsoft Visual Studio 10.0\VC\bin"  -I./ -I../../common/inc -I./ -I../../common/inc -I"C:\Program Files\NVIDIA GPU Computing Toolkit\CUDA\v5.5\include" -I"C:\Program Files\NVIDIA GPU Computing Toolkit\CUDA\v5.5\include"  -G   --keep-dir Debug -maxrregcount=0  --machine 32 --compile -cudart static -Xcompiler "/wd 4819"  -g   -DWIN32 -D_MBCS -Xcompiler "/EHsc /W3 /nologo /Od /Zi /RTC1 /MTd  " -o Win32/Debug/volumeRender_kernel.cu.obj "C:\ProgramData\NVIDIA Corporation\CUDA Samples\v5.5\2_Graphics\volumeRender\volumeRender_kernel.cu" 
       ClCompile:
         C:\Program Files (x86)\Microsoft Visual Studio 10.0\VC\bin\CL.exe /c /I./ /I../../common/inc /I"C:\Program Files\NVIDIA GPU Computing Toolkit\CUDA\v5.5\include" /ZI /nologo /W3 /WX- /Od /Oy- /D WIN32 /D _MBCS /Gm /EHsc /RTC1 /MTd /GS /fp:precise /Zc:wchar_t /Zc:forScope /Fo"Win32/Debug/" /Fd"Win32/Debug/vc100.pdb" /Gd /TP /analyze- /errorReport:prompt volumeRender.cpp
         volumeRender.cpp
       Link:
         C:\Program Files (x86)\Microsoft Visual Studio 10.0\VC\bin\link.exe /ERRORREPORT:PROMPT /OUT:"../../bin/win32/Debug//volumeRender.exe" /NOLOGO /LIBPATH:"C:\Program Files\NVIDIA GPU Computing Toolkit\CUDA\v5.5\lib\Win32" /LIBPATH:../../common/lib/Win32 cudart_static.lib freeglut.lib glew32.lib kernel32.lib user32.lib gdi32.lib winspool.lib comdlg32.lib advapi32.lib shell32.lib ole32.lib oleaut32.lib uuid.lib odbc32.lib odbccp32.lib kernel32.lib user32.lib gdi32.lib winspool.lib comdlg32.lib advapi32.lib shell32.lib ole32.lib oleaut32.lib uuid.lib odbc32.lib odbccp32.lib /MANIFEST /ManifestFile:"Win32/Debug/volumeRender.exe.intermediate.manifest" /MANIFESTUAC:"level='asInvoker' uiAccess='false'" /DEBUG /PDB:"C:\ProgramData\NVIDIA Corporation\CUDA Samples\v5.5\bin\win32\Debug\volumeRender.pdb" /SUBSYSTEM:CONSOLE /TLBID:1 /DYNAMICBASE /NXCOMPAT /IMPLIB:"../../bin/win32/Debug/volumeRender.lib" /MACHINE:X86 Win32/Debug/volumeRender_kernel.cu.obj
         Win32/Debug/volumeRender.obj
         LINK : ../../bin/win32/Debug//volumeRender.exe not found or not built by the last incremental link; performing full link
            Creating library ../../bin/win32/Debug/volumeRender.lib and object ../../bin/win32/Debug/volumeRender.exp
         volumeRender_vs2012.vcxproj -> C:\ProgramData\NVIDIA Corporation\CUDA Samples\v5.5\2_Graphics\volumeRender\../../bin/win32/Debug/volumeRender.exe
       Manifest:
         C:\Program Files (x86)\Microsoft SDKs\Windows\v7.0A\bin\mt.exe /nologo /verbose /outputresource:"../../bin/win32/Debug//volumeRender.exe;#1" /manifest Win32/Debug/volumeRender.exe.intermediate.manifest
     1>Done Building Project "C:\ProgramData\NVIDIA Corporation\CUDA Samples\v5.5\2_Graphics\volumeRender\volumeRender_vs2012.vcxproj" (Build target(s)).

Build succeeded.

Time Elapsed 00:00:21.79
